[debug] [2023-04-07T17:57:56.807Z] ----------------------------------------------------------------------
[debug] [2023-04-07T17:57:56.808Z] Command:       C:\Program Files\nodejs\node.exe C:\Users\erenk\AppData\Roaming\npm\node_modules\firebase-tools\lib\bin\firebase.js init
[debug] [2023-04-07T17:57:56.809Z] CLI Version:   11.25.3
[debug] [2023-04-07T17:57:56.809Z] Platform:      win32
[debug] [2023-04-07T17:57:56.809Z] Node Version:  v16.16.0
[debug] [2023-04-07T17:57:56.810Z] Time:          Fri Apr 07 2023 19:57:56 GMT+0200 (Central European Summer Time)
[debug] [2023-04-07T17:57:56.810Z] ----------------------------------------------------------------------
[debug] 
[debug] [2023-04-07T17:57:56.816Z] > command requires scopes: ["email","openid","https://www.googleapis.com/auth/cloudplatformprojects.readonly","https://www.googleapis.com/auth/firebase","https://www.googleapis.com/auth/cloud-platform"]
[debug] [2023-04-07T17:57:56.816Z] > authorizing via signed-in user (erenkarakaya93@gmail.com)
[info] 
     ######## #### ########  ######## ########     ###     ######  ########
     ##        ##  ##     ## ##       ##     ##  ##   ##  ##       ##
     ######    ##  ########  ######   ########  #########  ######  ######
     ##        ##  ##    ##  ##       ##     ## ##     ##       ## ##
     ##       #### ##     ## ######## ########  ##     ##  ######  ########

You're about to initialize a Firebase project in this directory:

  C:\Users\erenk\OneDrive\Masaüstü\Blog\web

[info] 
=== Project Setup
[info] 
[info] First, let's associate this project directory with a Firebase project.
[info] You can create multiple project aliases by running firebase use --add, 
[info] but for now we'll just set up a default project.
[info] 
